<?xml version="1.0" encoding="utf-8"?><testsuites name="pytest tests"><testsuite name="pytest" errors="0" failures="0" skipped="0" tests="18" time="9.528" timestamp="2026-05-19T01:09:09.893928+00:00" hostname="agent-env-9df9f38a-2f71-4ced-9852-4c17a74c26bd"><testcase classname="backend.tests.test_iteration3.TestBlocksRemoved" name="test_post_blocks_404_or_405" time="0.451" /><testcase classname="backend.tests.test_iteration3.TestBlocksRemoved" name="test_get_blocks_404_or_405" time="0.091" /><testcase classname="backend.tests.test_iteration3.TestTrustScore" name="test_admin_trust_score_is_null" time="0.103" /><testcase classname="backend.tests.test_iteration3.TestTrustScore" name="test_new_signup_trust_score_zero" time="0.239" /><testcase classname="backend.tests.test_iteration3.TestTrustScore" name="test_aria_trust_score_present" time="0.000" /><testcase classname="backend.tests.test_iteration3.TestReports" name="test_create_report_with_listing" time="0.377" /><testcase classname="backend.tests.test_iteration3.TestReports" name="test_admin_reports_lists_and_action" time="0.986" /><testcase classname="backend.tests.test_iteration3.TestAdminUsers" name="test_admin_lists_users" time="0.236" /><testcase classname="backend.tests.test_iteration3.TestAdminUsers" name="test_suspend_and_unsuspend_user" time="0.685" /><testcase classname="backend.tests.test_iteration3.TestWallet" name="test_topup_increases_balance" time="0.408" /><testcase classname="backend.tests.test_iteration3.TestLikes" name="test_like_unlike_flow" time="0.797" /><testcase classname="backend.tests.test_iteration3.TestCategoriesCounts" name="test_counts_shape" time="0.430" /><testcase classname="backend.tests.test_iteration3.TestRefundFlow" name="test_seller_accept_refund" time="0.857" /><testcase classname="backend.tests.test_iteration3.TestRefundFlow" name="test_seller_reject_then_buyer_escalate" time="0.706" /><testcase classname="backend.tests.test_iteration3.TestRefundFlow" name="test_refund_messages_and_evidence" time="0.646" /><testcase classname="backend.tests.test_iteration3.TestAdminRefunds" name="test_admin_list_get_force_refund" time="0.713" /><testcase classname="backend.tests.test_iteration3.TestAdminRefunds" name="test_admin_force_reject_and_resolve" time="1.033" /><testcase classname="backend.tests.test_iteration3.TestAdminAnalytics" name="test_analytics_fields" time="0.103" /></testsuite></testsuites>