<?xml version="1.0" encoding="utf-8"?><testsuites name="pytest tests"><testsuite name="pytest" errors="0" failures="0" skipped="0" tests="28" time="12.412" timestamp="2026-05-18T08:21:48.816347+00:00" hostname="agent-env-9df9f38a-2f71-4ced-9852-4c17a74c26bd"><testcase classname="backend.tests.backend_test.TestAuth" name="test_signup_returns_mock_otp" time="0.399" /><testcase classname="backend.tests.backend_test.TestAuth" name="test_verify_otp_creates_session" time="0.236" /><testcase classname="backend.tests.backend_test.TestAuth" name="test_login_seeded_user" time="0.107" /><testcase classname="backend.tests.backend_test.TestAuth" name="test_login_admin" time="0.109" /><testcase classname="backend.tests.backend_test.TestAuth" name="test_login_invalid_email" time="0.115" /><testcase classname="backend.tests.backend_test.TestAuth" name="test_login_wrong_password" time="0.103" /><testcase classname="backend.tests.backend_test.TestAuth" name="test_login_unverified_rejected" time="0.203" /><testcase classname="backend.tests.backend_test.TestAuth" name="test_forgot_and_reset_password" time="0.573" /><testcase classname="backend.tests.backend_test.TestListings" name="test_list_seeded_8" time="0.334" /><testcase classname="backend.tests.backend_test.TestListings" name="test_list_with_geo_distance" time="0.310" /><testcase classname="backend.tests.backend_test.TestListings" name="test_filter_max_distance" time="0.300" /><testcase classname="backend.tests.backend_test.TestListings" name="test_filter_seller_type_dealer" time="0.310" /><testcase classname="backend.tests.backend_test.TestListings" name="test_filter_verified_only" time="0.272" /><testcase classname="backend.tests.backend_test.TestListings" name="test_filter_price_max_and_category" time="0.176" /><testcase classname="backend.tests.backend_test.TestKYC" name="test_unverified_cannot_create_listing" time="0.208" /><testcase classname="backend.tests.backend_test.TestKYC" name="test_verification_submit_admin_approve_flow" time="0.554" /><testcase classname="backend.tests.backend_test.TestMatch" name="test_match_returns_scores_sorted" time="0.335" /><testcase classname="backend.tests.backend_test.TestChat" name="test_chat_create_message_get" time="0.313" /><testcase classname="backend.tests.backend_test.TestChat" name="test_websocket_chat_delivery" time="4.217" /><testcase classname="backend.tests.backend_test.TestPayments" name="test_create_payment_marks_sold_then_confirm" time="0.625" /><testcase classname="backend.tests.backend_test.TestPayments" name="test_refund_request_in_escrow" time="0.332" /><testcase classname="backend.tests.backend_test.TestReviewsNotif" name="test_reviews_seller" time="0.094" /><testcase classname="backend.tests.backend_test.TestReviewsNotif" name="test_notifications_and_read_all" time="0.203" /><testcase classname="backend.tests.backend_test.TestDeviceValidation" name="test_request_and_list" time="0.319" /><testcase classname="backend.tests.backend_test.TestAdmin" name="test_analytics" time="0.158" /><testcase classname="backend.tests.backend_test.TestAdmin" name="test_admin_routes_403_for_non_admin" time="0.092" /><testcase classname="backend.tests.backend_test.TestAdmin" name="test_admin_lists_and_delete_listing" time="0.346" /><testcase classname="backend.tests.backend_test.TestAdmin" name="test_admin_verifications_and_reports" time="0.202" /></testsuite></testsuites>